This is pdfTeX, Version 3.14159265-2.6-1.40.20 (TeX Live 2019/Debian) (preloaded format=pdflatex 2020.3.21)  27 JUN 2020 21:20
entering extended mode
 restricted \write18 enabled.
 file:line:error style messages enabled.
 %&-line parsing enabled.
**/home/moritz/Desktop/GIT/NixiTubeUhr/manual/manual
(/home/moritz/Desktop/GIT/NixiTubeUhr/manual/manual.tex
LaTeX2e <2020-02-02> patch level 5
L3 programming layer <2020-02-25> (/usr/share/texlive/texmf-dist/tex/latex/base/article.cls
Document Class: article 2019/12/20 v1.4l Standard LaTeX document class
(/usr/share/texlive/texmf-dist/tex/latex/base/size12.clo
File: size12.clo 2019/12/20 v1.4l Standard LaTeX file (size option)
)
\c@part=\count167
\c@section=\count168
\c@subsection=\count169
\c@subsubsection=\count170
\c@paragraph=\count171
\c@subparagraph=\count172
\c@figure=\count173
\c@table=\count174
\abovecaptionskip=\skip47
\belowcaptionskip=\skip48
\bibindent=\dimen134
) (/usr/share/texlive/texmf-dist/tex/latex/graphics/graphicx.sty
Package: graphicx 2019/11/30 v1.2a Enhanced LaTeX Graphics (DPC,SPQR)
 (/usr/share/texlive/texmf-dist/tex/latex/graphics/keyval.sty
Package: keyval 2014/10/28 v1.15 key=value parser (DPC)
\KV@toks@=\toks15
) (/usr/share/texlive/texmf-dist/tex/latex/graphics/graphics.sty
Package: graphics 2019/11/30 v1.4a Standard LaTeX Graphics (DPC,SPQR)
 (/usr/share/texlive/texmf-dist/tex/latex/graphics/trig.sty
Package: trig 2016/01/03 v1.10 sin cos tan (DPC)
) (/usr/share/texlive/texmf-dist/tex/latex/graphics-cfg/graphics.cfg
File: graphics.cfg 2016/06/04 v1.11 sample graphics configuration
)
Package graphics Info: Driver file: pdftex.def on input line 105.
 (/usr/share/texlive/texmf-dist/tex/latex/graphics-def/pdftex.def
File: pdftex.def 2018/01/08 v1.0l Graphics/color driver for pdftex
))
\Gin@req@height=\dimen135
\Gin@req@width=\dimen136
) (/usr/share/texlive/texmf-dist/tex/latex/caption/subcaption.sty
Package: subcaption 2020/01/22 v1.3d Sub-captions (AR)
 (/usr/share/texlive/texmf-dist/tex/latex/caption/caption.sty
Package: caption 2020/01/03 v3.4h Customizing captions (AR)
 (/usr/share/texlive/texmf-dist/tex/latex/caption/caption3.sty
Package: caption3 2020/01/03 v1.8h caption3 kernel (AR)
Package caption3 Info: TeX engine: e-TeX on input line 61.
\captionmargin=\dimen137
\captionmargin@=\dimen138
\captionwidth=\dimen139
\caption@tempdima=\dimen140
\caption@indent=\dimen141
\caption@parindent=\dimen142
\caption@hangindent=\dimen143
Package caption Info: Standard document class detected.
)
\c@caption@flags=\count175
\c@continuedfloat=\count176
)
\c@subfigure=\count177
\c@subtable=\count178
) (/usr/share/texlive/texmf-dist/tex/latex/multirow/multirow.sty
Package: multirow 2019/05/31 v2.5 Span multiple rows of a table
\multirow@colwidth=\skip49
\multirow@cntb=\count179
\multirow@dima=\skip50
\bigstrutjot=\dimen144
) (/usr/share/texlive/texmf-dist/tex/latex/xcolor/xcolor.sty
Package: xcolor 2016/05/11 v2.12 LaTeX color extensions (UK)
 (/usr/share/texlive/texmf-dist/tex/latex/graphics-cfg/color.cfg
File: color.cfg 2016/01/02 v1.6 sample color configuration
)
Package xcolor Info: Driver file: pdftex.def on input line 225.
Package xcolor Info: Model `cmy' substituted by `cmy0' on input line 1348.
Package xcolor Info: Model `hsb' substituted by `rgb' on input line 1352.
Package xcolor Info: Model `RGB' extended on input line 1364.
Package xcolor Info: Model `HTML' substituted by `rgb' on input line 1366.
Package xcolor Info: Model `Hsb' substituted by `hsb' on input line 1367.
Package xcolor Info: Model `tHsb' substituted by `hsb' on input line 1368.
Package xcolor Info: Model `HSB' substituted by `hsb' on input line 1369.
Package xcolor Info: Model `Gray' substituted by `gray' on input line 1370.
Package xcolor Info: Model `wave' substituted by `hsb' on input line 1371.
) (/usr/share/texlive/texmf-dist/tex/latex/colortbl/colortbl.sty
Package: colortbl 2020/01/04 v1.0e Color table columns (DPC)
 (/usr/share/texlive/texmf-dist/tex/latex/tools/array.sty
Package: array 2019/08/31 v2.4l Tabular extension package (FMi)
\col@sep=\dimen145
\ar@mcellbox=\box45
\extrarowheight=\dimen146
\NC@list=\toks16
\extratabsurround=\skip51
\backup@length=\skip52
\ar@cellbox=\box46
)
\everycr=\toks17
\minrowclearance=\skip53
)

Package array Warning: Redefining primitive column b on input line 14.

(/usr/share/texlive/texmf-dist/tex/latex/l3backend/l3backend-pdfmode.def
File: l3backend-pdfmode.def 2020-02-23 L3 backend support: PDF mode
\l__kernel_color_stack_int=\count180
\l__pdf_internal_box=\box47
)
No file manual.aux.
\openout1 = `manual.aux'.

LaTeX Font Info:    Checking defaults for OML/cmm/m/it on input line 16.
LaTeX Font Info:    ... okay on input line 16.
LaTeX Font Info:    Checking defaults for OMS/cmsy/m/n on input line 16.
LaTeX Font Info:    ... okay on input line 16.
LaTeX Font Info:    Checking defaults for OT1/cmr/m/n on input line 16.
LaTeX Font Info:    ... okay on input line 16.
LaTeX Font Info:    Checking defaults for T1/cmr/m/n on input line 16.
LaTeX Font Info:    ... okay on input line 16.
LaTeX Font Info:    Checking defaults for TS1/cmr/m/n on input line 16.
LaTeX Font Info:    ... okay on input line 16.
LaTeX Font Info:    Checking defaults for OMX/cmex/m/n on input line 16.
LaTeX Font Info:    ... okay on input line 16.
LaTeX Font Info:    Checking defaults for U/cmr/m/n on input line 16.
LaTeX Font Info:    ... okay on input line 16.
(/usr/share/texlive/texmf-dist/tex/context/base/mkii/supp-pdf.mkii
[Loading MPS to PDF converter (version 2006.09.02).]
\scratchcounter=\count181
\scratchdimen=\dimen147
\scratchbox=\box48
\nofMPsegments=\count182
\nofMParguments=\count183
\everyMPshowfont=\toks18
\MPscratchCnt=\count184
\MPscratchDim=\dimen148
\MPnumerator=\count185
\makeMPintoPDFobject=\count186
\everyMPtoPDFconversion=\toks19
) (/usr/share/texlive/texmf-dist/tex/latex/epstopdf-pkg/epstopdf-base.sty
Package: epstopdf-base 2020-01-24 v2.11 Base part for package epstopdf
Package epstopdf-base Info: Redefining graphics rule for `.eps' on input line 485.
 (/usr/share/texlive/texmf-dist/tex/latex/latexconfig/epstopdf-sys.cfg
File: epstopdf-sys.cfg 2010/07/13 v1.3 Configuration of (r)epstopdf for TeX Live
))
Package caption Info: Begin \AtBeginDocument code.
Package caption Info: End \AtBeginDocument code.
LaTeX Font Info:    External font `cmex10' loaded for size
(Font)              <14.4> on input line 17.
LaTeX Font Info:    External font `cmex10' loaded for size
(Font)              <7> on input line 17.


LaTeX Warning: No \author given.

<Clock.jpg, id=1, 3641.605pt x 2951.025pt>
File: Clock.jpg Graphic file (type jpg)
<use Clock.jpg>
Package pdftex.def Info: Clock.jpg  used on input line 21.
(pdftex.def)             Requested size: 390.0pt x 316.01323pt.
[1

{/var/lib/texmf/fonts/map/pdftex/updmap/pdftex.map} <./Clock.jpg>]
<Power_BTN.png, id=9, 36.135pt x 36.135pt>
File: Power_BTN.png Graphic file (type png)
<use Power_BTN.png>
Package pdftex.def Info: Power_BTN.png  used on input line 35.
(pdftex.def)             Requested size: 39.00238pt x 39.00423pt.
<Push_BTN.png, id=11, 36.135pt x 36.135pt>
File: Push_BTN.png Graphic file (type png)
<use Push_BTN.png>
Package pdftex.def Info: Push_BTN.png  used on input line 40.
(pdftex.def)             Requested size: 39.00238pt x 39.00423pt.
LaTeX Font Info:    External font `cmex10' loaded for size
(Font)              <12> on input line 47.
LaTeX Font Info:    External font `cmex10' loaded for size
(Font)              <8> on input line 47.
LaTeX Font Info:    External font `cmex10' loaded for size
(Font)              <6> on input line 47.

Overfull \hbox (0.68495pt too wide) in paragraph at lines 50--50
[]|[]| 
 []

/home/moritz/Desktop/GIT/NixiTubeUhr/manual/manual.tex:53: Missing \endcsname inserted.
<to be read again> 
                   \textwidth 
l.53 ...ncludegraphics[\textwidth]{Power_BTN.png}}
                                                   & \multirow{3}{*}{Standby...
The control sequence marked <to be read again> should
not appear between \csname and \endcsname.

/home/moritz/Desktop/GIT/NixiTubeUhr/manual/manual.tex:53: Missing number, treated as zero.
<to be read again> 
                   \endcsname 
l.53 ...ncludegraphics[\textwidth]{Power_BTN.png}}
                                                   & \multirow{3}{*}{Standby...
A number should have been here; I inserted `0'.
(If you can't figure out why I needed to see a number,
look up `weird error' in the index to The TeXbook.)

/home/moritz/Desktop/GIT/NixiTubeUhr/manual/manual.tex:53: Illegal unit of measure (pt inserted).
<to be read again> 
                   \endcsname 
l.53 ...ncludegraphics[\textwidth]{Power_BTN.png}}
                                                   & \multirow{3}{*}{Standby...
Dimensions can be in units of em, ex, in, pt, pc,
cm, mm, dd, cc, nd, nc, bp, or sp; but yours is a new one!
I'll assume that you meant to say pt, for printer's points.
To recover gracefully from this error, it's best to
delete the erroneous units; e.g., type `2' to delete
two letters. (See Chapter 27 of The TeXbook.)

/home/moritz/Desktop/GIT/NixiTubeUhr/manual/manual.tex:53: Extra \endcsname.
<recently read> \endcsname 
                           
l.53 ...ncludegraphics[\textwidth]{Power_BTN.png}}
                                                   & \multirow{3}{*}{Standby...
I'm ignoring this, since I wasn't doing a \csname.


/home/moritz/Desktop/GIT/NixiTubeUhr/manual/manual.tex:53: Package keyval Error: \textwidth  undefined.

See the keyval package documentation for explanation.
Type  H <return>  for immediate help.
 ...                                              
                                                  
l.53 ...ncludegraphics[\textwidth]{Power_BTN.png}}
                                                   & \multirow{3}{*}{Standby...
Try typing  <return>  to proceed.
If that doesn't work, type  X <return>  to quit.

File: Power_BTN.png Graphic file (type png)
<use Power_BTN.png>
Package pdftex.def Info: Power_BTN.png  used on input line 53.
(pdftex.def)             Requested size: 36.13489pt x 36.13489pt.
/home/moritz/Desktop/GIT/NixiTubeUhr/manual/manual.tex:57: Missing \endcsname inserted.
<to be read again> 
                   \textwidth 
l.57 ...includegraphics[\textwidth]{Push_BTN.png}}
                                                   & \multirow{3}{*}{Temp. \...
The control sequence marked <to be read again> should
not appear between \csname and \endcsname.

/home/moritz/Desktop/GIT/NixiTubeUhr/manual/manual.tex:57: Missing number, treated as zero.
<to be read again> 
                   \endcsname 
l.57 ...includegraphics[\textwidth]{Push_BTN.png}}
                                                   & \multirow{3}{*}{Temp. \...
A number should have been here; I inserted `0'.
(If you can't figure out why I needed to see a number,
look up `weird error' in the index to The TeXbook.)

/home/moritz/Desktop/GIT/NixiTubeUhr/manual/manual.tex:57: Illegal unit of measure (pt inserted).
<to be read again> 
                   \endcsname 
l.57 ...includegraphics[\textwidth]{Push_BTN.png}}
                                                   & \multirow{3}{*}{Temp. \...
Dimensions can be in units of em, ex, in, pt, pc,
cm, mm, dd, cc, nd, nc, bp, or sp; but yours is a new one!
I'll assume that you meant to say pt, for printer's points.
To recover gracefully from this error, it's best to
delete the erroneous units; e.g., type `2' to delete
two letters. (See Chapter 27 of The TeXbook.)

/home/moritz/Desktop/GIT/NixiTubeUhr/manual/manual.tex:57: Extra \endcsname.
<recently read> \endcsname 
                           
l.57 ...includegraphics[\textwidth]{Push_BTN.png}}
                                                   & \multirow{3}{*}{Temp. \...
I'm ignoring this, since I wasn't doing a \csname.


/home/moritz/Desktop/GIT/NixiTubeUhr/manual/manual.tex:57: Package keyval Error: \textwidth  undefined.

See the keyval package documentation for explanation.
Type  H <return>  for immediate help.
 ...                                              
                                                  
l.57 ...includegraphics[\textwidth]{Push_BTN.png}}
                                                   & \multirow{3}{*}{Temp. \...
Try typing  <return>  to proceed.
If that doesn't work, type  X <return>  to quit.

File: Push_BTN.png Graphic file (type png)
<use Push_BTN.png>
Package pdftex.def Info: Push_BTN.png  used on input line 57.
(pdftex.def)             Requested size: 36.13489pt x 36.13489pt.
/home/moritz/Desktop/GIT/NixiTubeUhr/manual/manual.tex:61: Missing \endcsname inserted.
<to be read again> 
                   \textwidth 
l.61 ...includegraphics[\textwidth]{Push_BTN.png}}
                                                   & \multirow{3}{*}{Stoppuh...
The control sequence marked <to be read again> should
not appear between \csname and \endcsname.

/home/moritz/Desktop/GIT/NixiTubeUhr/manual/manual.tex:61: Missing number, treated as zero.
<to be read again> 
                   \endcsname 
l.61 ...includegraphics[\textwidth]{Push_BTN.png}}
                                                   & \multirow{3}{*}{Stoppuh...
A number should have been here; I inserted `0'.
(If you can't figure out why I needed to see a number,
look up `weird error' in the index to The TeXbook.)

/home/moritz/Desktop/GIT/NixiTubeUhr/manual/manual.tex:61: Illegal unit of measure (pt inserted).
<to be read again> 
                   \endcsname 
l.61 ...includegraphics[\textwidth]{Push_BTN.png}}
                                                   & \multirow{3}{*}{Stoppuh...
Dimensions can be in units of em, ex, in, pt, pc,
cm, mm, dd, cc, nd, nc, bp, or sp; but yours is a new one!
I'll assume that you meant to say pt, for printer's points.
To recover gracefully from this error, it's best to
delete the erroneous units; e.g., type `2' to delete
two letters. (See Chapter 27 of The TeXbook.)

/home/moritz/Desktop/GIT/NixiTubeUhr/manual/manual.tex:61: Extra \endcsname.
<recently read> \endcsname 
                           
l.61 ...includegraphics[\textwidth]{Push_BTN.png}}
                                                   & \multirow{3}{*}{Stoppuh...
I'm ignoring this, since I wasn't doing a \csname.


/home/moritz/Desktop/GIT/NixiTubeUhr/manual/manual.tex:61: Package keyval Error: \textwidth  undefined.

See the keyval package documentation for explanation.
Type  H <return>  for immediate help.
 ...                                              
                                                  
l.61 ...includegraphics[\textwidth]{Push_BTN.png}}
                                                   & \multirow{3}{*}{Stoppuh...
Try typing  <return>  to proceed.
If that doesn't work, type  X <return>  to quit.

File: Push_BTN.png Graphic file (type png)
<use Push_BTN.png>
Package pdftex.def Info: Push_BTN.png  used on input line 61.
(pdftex.def)             Requested size: 36.13489pt x 36.13489pt.

Overfull \hbox (38.42168pt too wide) in paragraph at lines 47--66
 [] 
 []

[2 <./Power_BTN.png> <./Push_BTN.png>] (./manual.aux) ) 
Here is how much of TeX's memory you used:
 2987 strings out of 480994
 45972 string characters out of 5914631
 290521 words of memory out of 5000000
 18508 multiletter control sequences out of 15000+600000
 537506 words of font info for 41 fonts, out of 8000000 for 9000
 1141 hyphenation exceptions out of 8191
 48i,14n,46p,318b,382s stack positions out of 5000i,500n,10000p,200000b,80000s
</usr/share/texlive/texmf-dist/fonts/type1/public/amsfonts/cm/cmbx12.pfb></usr/share/texlive/texmf-dist/fonts/type1/public/amsfonts/cm/cmr12.pfb>
Output written on manual.pdf (2 pages, 1293143 bytes).
PDF statistics:
 25 PDF objects out of 1000 (max. 8388607)
 13 compressed objects within 1 object stream
 0 named destinations out of 1000 (max. 500000)
 16 words of extra memory for PDF output out of 10000 (max. 10000000)

